1517410421846	geckodriver	INFO	geckodriver 0.19.1
1517410421846	geckodriver	INFO	Listening on 127.0.0.1:9811
1517410422470	mozrunner::runner	INFO	Running command: "D:\\Program Files\\Mozilla Firefox\\firefox.exe" "-marionette" "-profile" "D:\\Users\\C16300~1\\AppData\\Local\\Temp\\rust_mozprofile.tanyxY5ziKJQ"
1517410423486	Marionette	INFO	Enabled via --marionette
1517410424971	Marionette	INFO	Listening on port 9817
1517410425133	Marionette	WARN	TLS certificate errors will be ignored for this session
1517410425193	Marionette	DEBUG	Register listener.js for window 4294967297
1517410425246	Marionette	DEBUG	Received DOM event "beforeunload" for "about:blank"
1517410427302	Marionette	DEBUG	Received DOM event "beforeunload" for "about:blank"
1517410427304	Marionette	DEBUG	Received DOM event "pagehide" for "about:blank"
1517410427304	Marionette	DEBUG	Received DOM event "unload" for "about:blank"
1517410427377	Marionette	DEBUG	Received DOM event "DOMContentLoaded" for "about:neterror?e=connectionFailure&u=http%3A//localhost%3A8000/&c=UTF-8&f=regular&d=Firefox%20can%27t%20establish%20a%20connection%20to%20the%20server%20at%20localhost%3A8000."
1517411048489	geckodriver	INFO	geckodriver 0.19.1
1517411048505	geckodriver	INFO	Listening on 127.0.0.1:9866
1517411049114	mozrunner::runner	INFO	Running command: "D:\\Program Files\\Mozilla Firefox\\firefox.exe" "-marionette" "-profile" "D:\\Users\\C16300~1\\AppData\\Local\\Temp\\rust_mozprofile.uKqHFx4JwCMk"
1517411049676	Marionette	INFO	Enabled via --marionette
Unable to read VR Path Registry from D:\Users\C16300581\AppData\Local\openvr\openvrpaths.vrpath
[Parent 3068, Gecko_IOThread] WARNING: pipe error: 109: file z:/build/build/src/ipc/chromium/src/chrome/common/ipc_channel_win.cc, line 346
Unable to read VR Path Registry from D:\Users\C16300581\AppData\Local\openvr\openvrpaths.vrpath
[Child 4568, Chrome_ChildThread] WARNING: pipe error: 109: file z:/build/build/src/ipc/chromium/src/chrome/common/ipc_channel_win.cc, line 346
[Child 4568, Chrome_ChildThread] WARNING: pipe error: 109: file z:/build/build/src/ipc/chromium/src/chrome/common/ipc_channel_win.cc, line 346
1517411051292	Marionette	INFO	Listening on port 9871
1517411051747	Marionette	WARN	TLS certificate errors will be ignored for this session
1517411051813	Marionette	DEBUG	Register listener.js for window 4294967297
1517411051847	Marionette	DEBUG	Received DOM event "beforeunload" for "about:blank"
1517411051970	Marionette	DEBUG	Received DOM event "pagehide" for "about:blank"
1517411051970	Marionette	DEBUG	Received DOM event "unload" for "about:blank"
1517411051978	Marionette	DEBUG	Received DOM event "DOMContentLoaded" for "http://localhost:8000/"
1517411051995	Marionette	DEBUG	Received DOM event "pageshow" for "http://localhost:8000/"
[Parent 3068, Gecko_IOThread] WARNING: pipe error: 109: file z:/build/build/src/ipc/chromium/src/chrome/common/ipc_channel_win.cc, line 346
